
=================================================================
	Native Crash Reporting
=================================================================
Got a abrt while executing native code. This usually indicates
a fatal error in the mono runtime or one of the native libraries 
used by your application.
=================================================================

=================================================================
	Native stacktrace:
=================================================================
	0x10d8c3e65 - /Users/psargent/Library/Developer/CoreSimulator/Devices/4AF9252F-7A13-4725-9567-7D6B75CAEECA/data/Containers/Bundle/Application/FA560B4A-F9AB-4F4C-93DF-3AD71B2B16A9/Hello_MultiScreen_iPhone.app/Hello_MultiScreen_iPhone : mono_dump_native_crash_info
	0x10d8b828e - /Users/psargent/Library/Developer/CoreSimulator/Devices/4AF9252F-7A13-4725-9567-7D6B75CAEECA/data/Containers/Bundle/Application/FA560B4A-F9AB-4F4C-93DF-3AD71B2B16A9/Hello_MultiScreen_iPhone.app/Hello_MultiScreen_iPhone : mono_handle_native_crash
	0x10d8c349f - /Users/psargent/Library/Developer/CoreSimulator/Devices/4AF9252F-7A13-4725-9567-7D6B75CAEECA/data/Containers/Bundle/Application/FA560B4A-F9AB-4F4C-93DF-3AD71B2B16A9/Hello_MultiScreen_iPhone.app/Hello_MultiScreen_iPhone : sigabrt_signal_handler
	0x7fff6fafae2d - /usr/lib/system/libsystem_platform.dylib : _sigtramp
	0x0 - Unknown
	0x7fff2010b6b7 - /Applications/Xcode.app/Contents/Developer/Platforms/iPhoneOS.platform/Library/Developer/CoreSimulator/Profiles/Runtimes/iOS.simruntime/Contents/Resources/RuntimeRoot/usr/lib/system/libsystem_c.dylib : abort
	0x10dae1796 - /Users/psargent/Library/Developer/CoreSimulator/Devices/4AF9252F-7A13-4725-9567-7D6B75CAEECA/data/Containers/Bundle/Application/FA560B4A-F9AB-4F4C-93DF-3AD71B2B16A9/Hello_MultiScreen_iPhone.app/Hello_MultiScreen_iPhone : xamarin_unhandled_exception_handler
	0x10d97a385 - /Users/psargent/Library/Developer/CoreSimulator/Devices/4AF9252F-7A13-4725-9567-7D6B75CAEECA/data/Containers/Bundle/Application/FA560B4A-F9AB-4F4C-93DF-3AD71B2B16A9/Hello_MultiScreen_iPhone.app/Hello_MultiScreen_iPhone : mono_invoke_unhandled_exception_hook
	0x10d8b7ca3 - /Users/psargent/Library/Developer/CoreSimulator/Devices/4AF9252F-7A13-4725-9567-7D6B75CAEECA/data/Containers/Bundle/Application/FA560B4A-F9AB-4F4C-93DF-3AD71B2B16A9/Hello_MultiScreen_iPhone.app/Hello_MultiScreen_iPhone : mono_handle_exception_internal
	0x10d8b61c9 - /Users/psargent/Library/Developer/CoreSimulator/Devices/4AF9252F-7A13-4725-9567-7D6B75CAEECA/data/Containers/Bundle/Application/FA560B4A-F9AB-4F4C-93DF-3AD71B2B16A9/Hello_MultiScreen_iPhone.app/Hello_MultiScreen_iPhone : mono_handle_exception
	0x10d835650 - /Users/psargent/Library/Developer/CoreSimulator/Devices/4AF9252F-7A13-4725-9567-7D6B75CAEECA/data/Containers/Bundle/Application/FA560B4A-F9AB-4F4C-93DF-3AD71B2B16A9/Hello_MultiScreen_iPhone.app/Hello_MultiScreen_iPhone : mono_amd64_throw_exception
	0x10e99c5b0 - Unknown
	0x10dae141a - /Users/psargent/Library/Developer/CoreSimulator/Devices/4AF9252F-7A13-4725-9567-7D6B75CAEECA/data/Containers/Bundle/Application/FA560B4A-F9AB-4F4C-93DF-3AD71B2B16A9/Hello_MultiScreen_iPhone.app/Hello_MultiScreen_iPhone : xamarin_process_managed_exception
	0x10d8b799b - /Users/psargent/Library/Developer/CoreSimulator/Devices/4AF9252F-7A13-4725-9567-7D6B75CAEECA/data/Containers/Bundle/Application/FA560B4A-F9AB-4F4C-93DF-3AD71B2B16A9/Hello_MultiScreen_iPhone.app/Hello_MultiScreen_iPhone : mono_handle_exception_internal
	0x10d8b61c9 - /Users/psargent/Library/Developer/CoreSimulator/Devices/4AF9252F-7A13-4725-9567-7D6B75CAEECA/data/Containers/Bundle/Application/FA560B4A-F9AB-4F4C-93DF-3AD71B2B16A9/Hello_MultiScreen_iPhone.app/Hello_MultiScreen_iPhone : mono_handle_exception
	0x10d836073 - /Users/psargent/Library/Developer/CoreSimulator/Devices/4AF9252F-7A13-4725-9567-7D6B75CAEECA/data/Containers/Bundle/Application/FA560B4A-F9AB-4F4C-93DF-3AD71B2B16A9/Hello_MultiScreen_iPhone.app/Hello_MultiScreen_iPhone : handle_signal_exception
	0x70000aa902a8 - Unknown
	0x